<?xml version="1.0" encoding="UTF-8"?>
<coverage generated="1577680758677" clover="3.2.0">
  <project timestamp="1577680758677" name="All files">
    <metrics statements="22" coveredstatements="21" conditionals="0" coveredconditionals="0" methods="7" coveredmethods="6" elements="29" coveredelements="27" complexity="0" loc="22" ncloc="22" packages="1" files="1" classes="1"/>
    <file name="User.ts" path="/Users/beygee/Documents/VSCode/typescript-todo/src/entity/User.ts">
      <metrics statements="22" coveredstatements="21" conditionals="0" coveredconditionals="0" methods="7" coveredmethods="6"/>
      <line num="1" count="3" type="stmt"/>
      <line num="11" count="3" type="stmt"/>
      <line num="12" count="3" type="stmt"/>
      <line num="13" count="3" type="stmt"/>
      <line num="14" count="3" type="stmt"/>
      <line num="18" count="3" type="stmt"/>
      <line num="19" count="0" type="stmt"/>
      <line num="21" count="3" type="stmt"/>
      <line num="25" count="3" type="stmt"/>
      <line num="29" count="3" type="stmt"/>
      <line num="32" count="3" type="stmt"/>
      <line num="36" count="3" type="stmt"/>
      <line num="39" count="3" type="stmt"/>
      <line num="42" count="3" type="stmt"/>
      <line num="43" count="3" type="stmt"/>
      <line num="45" count="3" type="stmt"/>
      <line num="48" count="3" type="stmt"/>
      <line num="49" count="3" type="stmt"/>
      <line num="51" count="3" type="stmt"/>
      <line num="54" count="3" type="stmt"/>
      <line num="55" count="3" type="stmt"/>
      <line num="57" count="3" type="stmt"/>
    </file>
  </project>
</coverage>
