{"/Users/beygee/Documents/VSCode/typescript-todo/src/entity/User.ts": {"path":"/Users/beygee/Documents/VSCode/typescript-todo/src/entity/User.ts","statementMap":{"0":{"start":{"line":1,"column":0},"end":{"line":1,"column":null}},"1":{"start":{"line":11,"column":0},"end":{"line":11,"column":35}},"2":{"start":{"line":12,"column":0},"end":{"line":12,"column":29}},"3":{"start":{"line":13,"column":0},"end":{"line":13,"column":31}},"4":{"start":{"line":14,"column":0},"end":{"line":14,"column":53}},"5":{"start":{"line":18,"column":0},"end":{"line":58,"column":null}},"6":{"start":{"line":21,"column":2},"end":{"line":21,"column":null}},"7":{"start":{"line":19,"column":17},"end":{"line":19,"column":20}},"8":{"start":{"line":25,"column":2},"end":{"line":25,"column":null}},"9":{"start":{"line":29,"column":2},"end":{"line":29,"column":null}},"10":{"start":{"line":32,"column":2},"end":{"line":32,"column":null}},"11":{"start":{"line":36,"column":2},"end":{"line":36,"column":null}},"12":{"start":{"line":39,"column":2},"end":{"line":39,"column":null}},"13":{"start":{"line":45,"column":2},"end":{"line":45,"column":null}},"14":{"start":{"line":42,"column":12},"end":{"line":42,"column":19}},"15":{"start":{"line":43,"column":15},"end":{"line":43,"column":27}},"16":{"start":{"line":51,"column":2},"end":{"line":51,"column":null}},"17":{"start":{"line":48,"column":12},"end":{"line":48,"column":16}},"18":{"start":{"line":49,"column":12},"end":{"line":49,"column":21}},"19":{"start":{"line":57,"column":2},"end":{"line":57,"column":null}},"20":{"start":{"line":54,"column":12},"end":{"line":54,"column":17}},"21":{"start":{"line":55,"column":13},"end":{"line":55,"column":24}},"22":{"start":{"line":18,"column":13},"end":{"line":58,"column":null}},"23":{"start":{"line":18,"column":13},"end":{"line":18,"column":17}}},"fnMap":{"0":{"name":"(anonymous_2)","decl":{"start":{"line":19,"column":9},"end":{"line":19,"column":13}},"loc":{"start":{"line":19,"column":17},"end":{"line":19,"column":20}}},"1":{"name":"(anonymous_3)","decl":{"start":{"line":42,"column":4},"end":{"line":42,"column":8}},"loc":{"start":{"line":42,"column":12},"end":{"line":42,"column":19}}},"2":{"name":"(anonymous_4)","decl":{"start":{"line":43,"column":4},"end":{"line":43,"column":11}},"loc":{"start":{"line":43,"column":15},"end":{"line":43,"column":27}}},"3":{"name":"(anonymous_5)","decl":{"start":{"line":48,"column":4},"end":{"line":48,"column":8}},"loc":{"start":{"line":48,"column":12},"end":{"line":48,"column":16}}},"4":{"name":"(anonymous_6)","decl":{"start":{"line":49,"column":4},"end":{"line":49,"column":8}},"loc":{"start":{"line":49,"column":12},"end":{"line":49,"column":21}}},"5":{"name":"(anonymous_7)","decl":{"start":{"line":54,"column":4},"end":{"line":54,"column":8}},"loc":{"start":{"line":54,"column":12},"end":{"line":54,"column":17}}},"6":{"name":"(anonymous_8)","decl":{"start":{"line":55,"column":4},"end":{"line":55,"column":9}},"loc":{"start":{"line":55,"column":13},"end":{"line":55,"column":24}}}},"branchMap":{},"s":{"0":3,"1":3,"2":3,"3":3,"4":3,"5":3,"6":3,"7":0,"8":3,"9":3,"10":3,"11":3,"12":3,"13":3,"14":3,"15":3,"16":3,"17":3,"18":3,"19":3,"20":3,"21":3,"22":3,"23":3},"f":{"0":0,"1":3,"2":3,"3":3,"4":3,"5":3,"6":3},"b":{}}
}
