TN:
SF:/Users/beygee/Documents/VSCode/typescript-todo/src/entity/User.ts
FN:36,(anonymous_2)
FN:37,(anonymous_3)
FN:42,(anonymous_4)
FN:43,(anonymous_5)
FN:48,(anonymous_6)
FN:49,(anonymous_7)
FNF:6
FNH:6
FNDA:3,(anonymous_2)
FNDA:3,(anonymous_3)
FNDA:3,(anonymous_4)
FNDA:3,(anonymous_5)
FNDA:3,(anonymous_6)
FNDA:3,(anonymous_7)
DA:1,3
DA:11,3
DA:12,3
DA:13,3
DA:16,3
DA:18,3
DA:21,3
DA:24,3
DA:27,3
DA:30,3
DA:33,3
DA:36,3
DA:37,3
DA:39,3
DA:42,3
DA:43,3
DA:45,3
DA:48,3
DA:49,3
DA:51,3
LF:20
LH:20
BRF:0
BRH:0
end_of_record
TN:
SF:/Users/beygee/Documents/VSCode/typescript-todo/src/modules/UserModule.ts
FN:7,(anonymous_1)
FN:30,(anonymous_2)
FN:43,(anonymous_3)
FN:51,(anonymous_4)
FN:58,(anonymous_5)
FN:70,(anonymous_6)
FN:78,(anonymous_7)
FNF:7
FNH:7
FNDA:4,(anonymous_1)
FNDA:1,(anonymous_2)
FNDA:1,(anonymous_3)
FNDA:1,(anonymous_4)
FNDA:1,(anonymous_5)
FNDA:1,(anonymous_6)
FNDA:4,(anonymous_7)
DA:1,3
DA:2,3
DA:3,3
DA:4,3
DA:6,3
DA:15,4
DA:16,4
DA:17,4
DA:18,4
DA:19,4
DA:21,4
DA:22,4
DA:23,4
DA:24,4
DA:25,4
DA:27,4
DA:34,1
DA:36,1
DA:38,1
DA:40,1
DA:44,1
DA:52,1
DA:59,1
DA:61,1
DA:62,3
DA:65,1
DA:67,1
DA:71,1
DA:73,1
DA:75,1
DA:79,4
DA:80,4
LF:32
LH:32
BRDA:36,0,0,0
BRDA:36,0,1,1
BRDA:38,1,0,0
BRDA:38,1,1,1
BRF:4
BRH:2
end_of_record
