TN:
SF:/Users/beygee/Documents/VSCode/typescript-todo/src/entity/User.ts
FN:19,(anonymous_2)
FN:42,(anonymous_3)
FN:43,(anonymous_4)
FN:48,(anonymous_5)
FN:49,(anonymous_6)
FN:54,(anonymous_7)
FN:55,(anonymous_8)
FNF:7
FNH:6
FNDA:0,(anonymous_2)
FNDA:3,(anonymous_3)
FNDA:3,(anonymous_4)
FNDA:3,(anonymous_5)
FNDA:3,(anonymous_6)
FNDA:3,(anonymous_7)
FNDA:3,(anonymous_8)
DA:1,3
DA:11,3
DA:12,3
DA:13,3
DA:14,3
DA:18,3
DA:19,0
DA:21,3
DA:25,3
DA:29,3
DA:32,3
DA:36,3
DA:39,3
DA:42,3
DA:43,3
DA:45,3
DA:48,3
DA:49,3
DA:51,3
DA:54,3
DA:55,3
DA:57,3
LF:22
LH:21
BRF:0
BRH:0
end_of_record
